{"C:\\Users\\Suellen\\Documents\\HACKATHON\\Repositórios\\classmate-auth-service\\src\\controllers\\auth.controller.ts": {"path":"C:\\Users\\Suellen\\Documents\\HACKATHON\\Repositórios\\classmate-auth-service\\src\\controllers\\auth.controller.ts","statementMap":{"0":{"start":{"line":2,"column":0},"end":{"line":2,"column":55}},"1":{"start":{"line":4,"column":24},"end":{"line":12,"column":null}},"2":{"start":{"line":4,"column":62},"end":{"line":12,"column":null}},"3":{"start":{"line":5,"column":2},"end":{"line":11,"column":3}},"4":{"start":{"line":6,"column":44},"end":{"line":6,"column":52}},"5":{"start":{"line":7,"column":19},"end":{"line":7,"column":78}},"6":{"start":{"line":8,"column":4},"end":{"line":8,"column":null}},"7":{"start":{"line":10,"column":4},"end":{"line":10,"column":null}},"8":{"start":{"line":4,"column":13},"end":{"line":4,"column":24}},"9":{"start":{"line":14,"column":21},"end":{"line":22,"column":null}},"10":{"start":{"line":14,"column":59},"end":{"line":22,"column":null}},"11":{"start":{"line":15,"column":2},"end":{"line":21,"column":3}},"12":{"start":{"line":16,"column":32},"end":{"line":16,"column":40}},"13":{"start":{"line":17,"column":19},"end":{"line":17,"column":63}},"14":{"start":{"line":18,"column":4},"end":{"line":18,"column":null}},"15":{"start":{"line":20,"column":4},"end":{"line":20,"column":null}},"16":{"start":{"line":14,"column":13},"end":{"line":14,"column":21}}},"fnMap":{"0":{"name":"(anonymous_16)","decl":{"start":{"line":4,"column":24},"end":{"line":4,"column":31}},"loc":{"start":{"line":4,"column":62},"end":{"line":12,"column":null}}},"1":{"name":"(anonymous_17)","decl":{"start":{"line":4,"column":62},"end":{"line":4,"column":null}},"loc":{"start":{"line":4,"column":62},"end":{"line":12,"column":1}}},"2":{"name":"(anonymous_18)","decl":{"start":{"line":14,"column":21},"end":{"line":14,"column":28}},"loc":{"start":{"line":14,"column":59},"end":{"line":22,"column":null}}},"3":{"name":"(anonymous_19)","decl":{"start":{"line":14,"column":59},"end":{"line":14,"column":null}},"loc":{"start":{"line":14,"column":59},"end":{"line":22,"column":1}}}},"branchMap":{},"s":{"0":1,"1":1,"2":2,"3":2,"4":2,"5":2,"6":1,"7":1,"8":1,"9":1,"10":2,"11":2,"12":2,"13":2,"14":1,"15":1,"16":1},"f":{"0":2,"1":2,"2":2,"3":2},"b":{}}
,"C:\\Users\\Suellen\\Documents\\HACKATHON\\Repositórios\\classmate-auth-service\\src\\services\\auth.service.ts": {"path":"C:\\Users\\Suellen\\Documents\\HACKATHON\\Repositórios\\classmate-auth-service\\src\\services\\auth.service.ts","statementMap":{"0":{"start":{"line":1,"column":0},"end":{"line":1,"column":29}},"1":{"start":{"line":2,"column":0},"end":{"line":2,"column":30}},"2":{"start":{"line":11,"column":22},"end":{"line":11,"column":24}},"3":{"start":{"line":13,"column":28},"end":{"line":20,"column":null}},"4":{"start":{"line":13,"column":98},"end":{"line":20,"column":null}},"5":{"start":{"line":14,"column":21},"end":{"line":14,"column":57}},"6":{"start":{"line":14,"column":39},"end":{"line":14,"column":56}},"7":{"start":{"line":15,"column":2},"end":{"line":15,"column":null}},"8":{"start":{"line":15,"column":18},"end":{"line":15,"column":null}},"9":{"start":{"line":17,"column":17},"end":{"line":17,"column":48}},"10":{"start":{"line":18,"column":2},"end":{"line":18,"column":null}},"11":{"start":{"line":19,"column":2},"end":{"line":19,"column":null}},"12":{"start":{"line":13,"column":13},"end":{"line":13,"column":28}},"13":{"start":{"line":22,"column":25},"end":{"line":31,"column":null}},"14":{"start":{"line":22,"column":67},"end":{"line":31,"column":null}},"15":{"start":{"line":23,"column":15},"end":{"line":23,"column":51}},"16":{"start":{"line":23,"column":33},"end":{"line":23,"column":50}},"17":{"start":{"line":24,"column":2},"end":{"line":24,"column":null}},"18":{"start":{"line":24,"column":13},"end":{"line":24,"column":null}},"19":{"start":{"line":26,"column":18},"end":{"line":26,"column":63}},"20":{"start":{"line":27,"column":2},"end":{"line":27,"column":null}},"21":{"start":{"line":27,"column":16},"end":{"line":27,"column":null}},"22":{"start":{"line":29,"column":16},"end":{"line":29,"column":107}},"23":{"start":{"line":30,"column":2},"end":{"line":30,"column":null}},"24":{"start":{"line":22,"column":13},"end":{"line":22,"column":25}},"25":{"start":{"line":34,"column":13},"end":{"line":36,"column":null}},"26":{"start":{"line":35,"column":21},"end":{"line":35,"column":37}}},"fnMap":{"0":{"name":"(anonymous_8)","decl":{"start":{"line":13,"column":28},"end":{"line":13,"column":35}},"loc":{"start":{"line":13,"column":98},"end":{"line":20,"column":null}}},"1":{"name":"(anonymous_9)","decl":{"start":{"line":13,"column":98},"end":{"line":13,"column":null}},"loc":{"start":{"line":13,"column":98},"end":{"line":20,"column":1}}},"2":{"name":"(anonymous_10)","decl":{"start":{"line":14,"column":32},"end":{"line":14,"column":33}},"loc":{"start":{"line":14,"column":39},"end":{"line":14,"column":56}}},"3":{"name":"(anonymous_11)","decl":{"start":{"line":22,"column":25},"end":{"line":22,"column":32}},"loc":{"start":{"line":22,"column":67},"end":{"line":31,"column":null}}},"4":{"name":"(anonymous_12)","decl":{"start":{"line":22,"column":67},"end":{"line":22,"column":null}},"loc":{"start":{"line":22,"column":67},"end":{"line":31,"column":1}}},"5":{"name":"(anonymous_13)","decl":{"start":{"line":23,"column":26},"end":{"line":23,"column":27}},"loc":{"start":{"line":23,"column":33},"end":{"line":23,"column":50}}},"6":{"name":"(anonymous_14)","decl":{"start":{"line":35,"column":14},"end":{"line":35,"column":17}},"loc":{"start":{"line":35,"column":21},"end":{"line":35,"column":37}}}},"branchMap":{"0":{"loc":{"start":{"line":15,"column":2},"end":{"line":15,"column":null}},"type":"if","locations":[{"start":{"line":15,"column":2},"end":{"line":15,"column":null}}]},"1":{"loc":{"start":{"line":24,"column":2},"end":{"line":24,"column":null}},"type":"if","locations":[{"start":{"line":24,"column":2},"end":{"line":24,"column":null}}]},"2":{"loc":{"start":{"line":27,"column":2},"end":{"line":27,"column":null}},"type":"if","locations":[{"start":{"line":27,"column":2},"end":{"line":27,"column":null}}]}},"s":{"0":2,"1":2,"2":2,"3":2,"4":9,"5":9,"6":2,"7":9,"8":2,"9":7,"10":7,"11":7,"12":2,"13":2,"14":5,"15":5,"16":3,"17":5,"18":2,"19":3,"20":3,"21":1,"22":2,"23":2,"24":2,"25":2,"26":9},"f":{"0":9,"1":9,"2":2,"3":5,"4":5,"5":3,"6":9},"b":{"0":[2],"1":[2],"2":[1]}}
}
