TN:
SF:src\controllers\auth.controller.ts
FN:4,(anonymous_16)
FN:4,(anonymous_17)
FN:14,(anonymous_18)
FN:14,(anonymous_19)
FNF:4
FNH:4
FNDA:2,(anonymous_16)
FNDA:2,(anonymous_17)
FNDA:2,(anonymous_18)
FNDA:2,(anonymous_19)
DA:2,1
DA:4,2
DA:5,2
DA:6,2
DA:7,2
DA:8,1
DA:10,1
DA:14,2
DA:15,2
DA:16,2
DA:17,2
DA:18,1
DA:20,1
LF:13
LH:13
BRF:0
BRH:0
end_of_record
TN:
SF:src\services\auth.service.ts
FN:13,(anonymous_8)
FN:13,(anonymous_9)
FN:14,(anonymous_10)
FN:22,(anonymous_11)
FN:22,(anonymous_12)
FN:23,(anonymous_13)
FN:35,(anonymous_14)
FNF:7
FNH:7
FNDA:9,(anonymous_8)
FNDA:9,(anonymous_9)
FNDA:2,(anonymous_10)
FNDA:5,(anonymous_11)
FNDA:5,(anonymous_12)
FNDA:3,(anonymous_13)
FNDA:9,(anonymous_14)
DA:1,2
DA:2,2
DA:11,2
DA:13,9
DA:14,9
DA:15,9
DA:17,7
DA:18,7
DA:19,7
DA:22,5
DA:23,5
DA:24,5
DA:26,3
DA:27,3
DA:29,2
DA:30,2
DA:34,2
DA:35,9
LF:18
LH:18
BRDA:15,0,0,2
BRDA:24,1,0,2
BRDA:27,2,0,1
BRF:3
BRH:3
end_of_record
